<?xml version="1.0" encoding="UTF-8"?>
<testsuite name="repository.MemoryTodoRepositoryTest" tests="4" skipped="0" failures="0" errors="0" timestamp="2023-06-13T08:23:08" hostname="tosagubug-jeonmun.local" time="0.059">
  <properties/>
  <testcase name="할일등록_예외_유저없음()" classname="repository.MemoryTodoRepositoryTest" time="0.048"/>
  <testcase name="할일등록_예외_비밀번호틀림()" classname="repository.MemoryTodoRepositoryTest" time="0.002"/>
  <testcase name="할일등록()" classname="repository.MemoryTodoRepositoryTest" time="0.002"/>
  <testcase name="할일가져오기()" classname="repository.MemoryTodoRepositoryTest" time="0.002"/>
  <system-out><![CDATA[]]></system-out>
  <system-err><![CDATA[]]></system-err>
</testsuite>
